There is 69.227 Mb in use.
Warning: The parameter "PI_WindPotential" is not initialized (default values are used).
Warning: The parameter "PI_SolarPotential" is not initialized (default values are used).
Warning: The parameter "PI_MaximumGenerationMW" is not initialized (default values are used).
Warning: The variable "VC_Model0ED_PowerGenerated" is not initialized (default values are used).
Warning: The parameter "PI_BusXCoordinate" is not initialized (default values are used).
Warning: The element parameter "PE_GeneratorBus" is not initialized (default values are used).
Warning: The parameter "PI_BusYCoordinate" is not initialized (default values are used).
Warning: The parameter "PI_HourlyPeekLoad" is not initialized (default values are used).
Warning: The parameter "PI_WeeklyPeakLoad" is not initialized (default values are used).
Warning: The parameter "PI_DailyPeekLoad" is not initialized (default values are used).
Warning: The parameter "PI_PeakLoadMW" is not initialized (default values are used).
Warning: The variable "VC_Model0ED_PowerTransmitted" is not initialized (default values are used).
Warning: The parameter "PI_EnableTranmissionConstraints" is not initialized (default values are used).
Warning: The parameter "PI_EnableRampingConstraints" is not initialized (default values are used).
Warning: The parameter "PI_EnableReserveConstraints" is not initialized (default values are used).
Warning: The parameter "PI_MinimumGenerationMW" is not initialized (default values are used).
Execution error while evaluating the definition for parameter "PO_AverageRamping".
Division by zero error with 0 / 0. 
The value of the running index is: (iGeneratorType=Wind).

Execution error while evaluating the definition for parameter "PO_AverageRamping".
Division by zero error with 0 / 0. 
The value of the running index is: (iGeneratorType=Wind).

Warning: The shadowprice of constraint "CE_Model0ED_EnergyBalance" is not initialized (default values are used).
Warning: The parameter "PI_ReserveCapacity" is not initialized (default values are used).
Warning: The parameter "PI_SystemReserveRequirement" is not initialized (default values are used).
