This is pdfTeX, Version 3.14159265-2.6-1.40.16 (MiKTeX 2.9) (preloaded format=pdflatex 2015.10.30)  16 APR 2016 01:36
entering extended mode
**Dissertation.tex
(Dissertation.tex
LaTeX2e <2015/01/01> patch level 2
Babel <3.9m> and hyphenation patterns for 69 languages loaded.
("C:\Program Files (x86)\MiKTeX 2.9\tex\latex\base\book.cls"
Document Class: book 2014/09/29 v1.4h Standard LaTeX document class
("C:\Program Files (x86)\MiKTeX 2.9\tex\latex\base\bk12.clo"
File: bk12.clo 2014/09/29 v1.4h Standard LaTeX file (size option)
)
\c@part=\count79
\c@chapter=\count80
\c@section=\count81
\c@subsection=\count82
\c@subsubsection=\count83
\c@paragraph=\count84
\c@subparagraph=\count85
\c@figure=\count86
\c@table=\count87
\abovecaptionskip=\skip41
\belowcaptionskip=\skip42
\bibindent=\dimen102
)
("C:\Program Files (x86)\MiKTeX 2.9\tex\latex\caption\caption.sty"
Package: caption 2016/02/21 v3.3-144 Customizing captions (AR)

("C:\Program Files (x86)\MiKTeX 2.9\tex\latex\caption\caption3.sty"
Package: caption3 2016/02/04 v1.7-139 caption3 kernel (AR)
Package caption3 Info: TeX engine: e-TeX on input line 67.

("C:\Program Files (x86)\MiKTeX 2.9\tex\latex\graphics\keyval.sty"
Package: keyval 2014/10/28 v1.15 key=value parser (DPC)
\KV@toks@=\toks14
)
\captionmargin=\dimen103
\captionmargin@=\dimen104
\captionwidth=\dimen105
\caption@tempdima=\dimen106
\caption@indent=\dimen107
\caption@parindent=\dimen108
\caption@hangindent=\dimen109
)
\c@ContinuedFloat=\count88
)
(LUDisStyle.sty)
("C:\Program Files (x86)\MiKTeX 2.9\tex\latex\graphics\graphicx.sty"
Package: graphicx 2014/10/28 v1.0g Enhanced LaTeX Graphics (DPC,SPQR)

("C:\Program Files (x86)\MiKTeX 2.9\tex\latex\graphics\graphics.sty"
Package: graphics 2014/10/28 v1.0p Standard LaTeX Graphics (DPC,SPQR)

("C:\Program Files (x86)\MiKTeX 2.9\tex\latex\graphics\trig.sty"
Package: trig 1999/03/16 v1.09 sin cos tan (DPC)
)
("C:\Program Files (x86)\MiKTeX 2.9\tex\latex\00miktex\graphics.cfg"
File: graphics.cfg 2007/01/18 v1.5 graphics configuration of teTeX/TeXLive
)
Package graphics Info: Driver file: pdftex.def on input line 94.

("C:\Program Files (x86)\MiKTeX 2.9\tex\latex\pdftex-def\pdftex.def"
File: pdftex.def 2011/05/27 v0.06d Graphics/color for pdfTeX

("C:\Program Files (x86)\MiKTeX 2.9\tex\generic\oberdiek\infwarerr.sty"
Package: infwarerr 2010/04/08 v1.3 Providing info/warning/error messages (HO)
)
("C:\Program Files (x86)\MiKTeX 2.9\tex\generic\oberdiek\ltxcmds.sty"
Package: ltxcmds 2011/11/09 v1.22 LaTeX kernel commands for general use (HO)
)
\Gread@gobject=\count89
))
\Gin@req@height=\dimen110
\Gin@req@width=\dimen111
)
("C:\Program Files (x86)\MiKTeX 2.9\tex\latex\subfigure\subfigure.sty"
Package: subfigure 2002/07/30 v2.1.4 subfigure package
\subfigtopskip=\skip43
\subfigcapskip=\skip44
\subfigcaptopadj=\dimen112
\subfigbottomskip=\skip45
\subfigcapmargin=\dimen113
\subfiglabelskip=\skip46
\c@subfigure=\count90
\c@lofdepth=\count91
\c@subtable=\count92
\c@lotdepth=\count93

****************************************
* Local config file subfigure.cfg used *
****************************************
("C:\Program Files (x86)\MiKTeX 2.9\tex\latex\subfigure\subfigure.cfg")
\subfig@top=\skip47
\subfig@bottom=\skip48
)
("C:\Program Files (x86)\MiKTeX 2.9\tex\latex\amsmath\amsmath.sty"
Package: amsmath 2013/01/14 v2.14 AMS math features
\@mathmargin=\skip49

For additional information on amsmath, use the `?' option.
("C:\Program Files (x86)\MiKTeX 2.9\tex\latex\amsmath\amstext.sty"
Package: amstext 2000/06/29 v2.01

("C:\Program Files (x86)\MiKTeX 2.9\tex\latex\amsmath\amsgen.sty"
File: amsgen.sty 1999/11/30 v2.0
\@emptytoks=\toks15
\ex@=\dimen114
))
("C:\Program Files (x86)\MiKTeX 2.9\tex\latex\amsmath\amsbsy.sty"
Package: amsbsy 1999/11/29 v1.2d
\pmbraise@=\dimen115
)
("C:\Program Files (x86)\MiKTeX 2.9\tex\latex\amsmath\amsopn.sty"
Package: amsopn 1999/12/14 v2.01 operator names
)
\inf@bad=\count94
LaTeX Info: Redefining \frac on input line 210.
\uproot@=\count95
\leftroot@=\count96
LaTeX Info: Redefining \overline on input line 306.
\classnum@=\count97
\DOTSCASE@=\count98
LaTeX Info: Redefining \ldots on input line 378.
LaTeX Info: Redefining \dots on input line 381.
LaTeX Info: Redefining \cdots on input line 466.
\Mathstrutbox@=\box26
\strutbox@=\box27
\big@size=\dimen116
LaTeX Font Info:    Redeclaring font encoding OML on input line 566.
LaTeX Font Info:    Redeclaring font encoding OMS on input line 567.
\macc@depth=\count99
\c@MaxMatrixCols=\count100
\dotsspace@=\muskip10
\c@parentequation=\count101
\dspbrk@lvl=\count102
\tag@help=\toks16
\row@=\count103
\column@=\count104
\maxfields@=\count105
\andhelp@=\toks17
\eqnshift@=\dimen117
\alignsep@=\dimen118
\tagshift@=\dimen119
\tagwidth@=\dimen120
\totwidth@=\dimen121
\lineht@=\dimen122
\@envbody=\toks18
\multlinegap=\skip50
\multlinetaggap=\skip51
\mathdisplay@stack=\toks19
LaTeX Info: Redefining \[ on input line 2665.
LaTeX Info: Redefining \] on input line 2666.
)
("C:\Program Files (x86)\MiKTeX 2.9\tex\latex\amsfonts\amssymb.sty"
Package: amssymb 2013/01/14 v3.01 AMS font symbols

("C:\Program Files (x86)\MiKTeX 2.9\tex\latex\amsfonts\amsfonts.sty"
Package: amsfonts 2013/01/14 v3.01 Basic AMSFonts support
\symAMSa=\mathgroup4
\symAMSb=\mathgroup5
LaTeX Font Info:    Overwriting math alphabet `\mathfrak' in version `bold'
(Font)                  U/euf/m/n --> U/euf/b/n on input line 106.
))
("C:\Program Files (x86)\MiKTeX 2.9\tex\latex\amscls\amsthm.sty"
Package: amsthm 2015/03/04 v2.20.2
\thm@style=\toks20
\thm@bodyfont=\toks21
\thm@headfont=\toks22
\thm@notefont=\toks23
\thm@headpunct=\toks24
\thm@preskip=\skip52
\thm@postskip=\skip53
\thm@headsep=\skip54
\dth@everypar=\toks25
)
("C:\Program Files (x86)\MiKTeX 2.9\tex\latex\tools\verbatim.sty"
Package: verbatim 2014/10/28 v1.5q LaTeX2e package for verbatim enhancements
\every@verbatim=\toks26
\verbatim@line=\toks27
\verbatim@in@stream=\read1
)
("C:\Program Files (x86)\MiKTeX 2.9\tex\latex\multirow\multirow.sty"
\bigstrutjot=\dimen123
)
("C:\Program Files (x86)\MiKTeX 2.9\tex\latex\natbib\natbib.sty"
Package: natbib 2010/09/13 8.31b (PWD, AO)
\bibhang=\skip55
\bibsep=\skip56
LaTeX Info: Redefining \cite on input line 694.
\c@NAT@ctr=\count106
)

LaTeX Warning: Unused global option(s):
    [LUDisStyle,twosided].


("D:\Thesis\AIMMS Project\Thesis Research\thesisLatexFiles\ThesisFiles\build\Di
ssertation.aux"
("D:\Thesis\AIMMS Project\Thesis Research\thesisLatexFiles\ThesisFiles\build\co
verCopyright.aux")
("D:\Thesis\AIMMS Project\Thesis Research\thesisLatexFiles\ThesisFiles\build\si
gnatures.aux")
("D:\Thesis\AIMMS Project\Thesis Research\thesisLatexFiles\ThesisFiles\build\de
dication.aux")
("D:\Thesis\AIMMS Project\Thesis Research\thesisLatexFiles\ThesisFiles\build\my
abstract.aux")

LaTeX Warning: Label `fig:maximumutilizaton' multiply defined.


("D:\Thesis\AIMMS Project\Thesis Research\thesisLatexFiles\ThesisFiles\build\vi
ta.aux"))
LaTeX Font Info:    Checking defaults for OML/cmm/m/it on input line 19.
LaTeX Font Info:    ... okay on input line 19.
LaTeX Font Info:    Checking defaults for T1/cmr/m/n on input line 19.
LaTeX Font Info:    ... okay on input line 19.
LaTeX Font Info:    Checking defaults for OT1/cmr/m/n on input line 19.
LaTeX Font Info:    ... okay on input line 19.
LaTeX Font Info:    Checking defaults for OMS/cmsy/m/n on input line 19.
LaTeX Font Info:    ... okay on input line 19.
LaTeX Font Info:    Checking defaults for OMX/cmex/m/n on input line 19.
LaTeX Font Info:    ... okay on input line 19.
LaTeX Font Info:    Checking defaults for U/cmr/m/n on input line 19.
LaTeX Font Info:    ... okay on input line 19.
Package caption Info: Begin \AtBeginDocument code.
Package caption Info: subfigure package is loaded.
Package caption Info: End \AtBeginDocument code.
 ("C:\Program Files (x86)\MiKTeX 2.9\tex\context\base\supp-pdf.mkii"
[Loading MPS to PDF converter (version 2006.09.02).]
\scratchcounter=\count107
\scratchdimen=\dimen124
\scratchbox=\box28
\nofMPsegments=\count108
\nofMParguments=\count109
\everyMPshowfont=\toks28
\MPscratchCnt=\count110
\MPscratchDim=\dimen125
\MPnumerator=\count111
\makeMPintoPDFobject=\count112
\everyMPtoPDFconversion=\toks29
) (coverCopyright.tex [1


{C:/Users/Daniel/AppData/Local/MiKTeX/2.9/pdftex/config/pdftex.map}] [2]) (sign
atures.tex
Underfull \hbox (badness 10000) in paragraph at lines 5--10

 []

LaTeX Font Info:    Try loading font information for U+msa on input line 13.
("C:\Program Files (x86)\MiKTeX 2.9\tex\latex\amsfonts\umsa.fd"
File: umsa.fd 2013/01/14 v3.01 AMS symbols A
)
LaTeX Font Info:    Try loading font information for U+msb on input line 13.

("C:\Program Files (x86)\MiKTeX 2.9\tex\latex\amsfonts\umsb.fd"
File: umsb.fd 2013/01/14 v3.01 AMS symbols B
) [3


])
No file dedication.tex.
[4




] (Dissertation.toc [5])
\tf@toc=\write3
 [6] (Dissertation.lot)
\tf@lot=\write4
 [7

] [8

] (Dissertation.lof)
\tf@lof=\write5

[9] (myabstract.tex) [1

] [2


]
Chapter 1.
Missing character: There is no ‚ in font cmr12!
Missing character: There is no Ä in font cmr12!
Missing character: There is no ô in font cmr12!
[3]
LaTeX Font Info:    Try loading font information for OMS+cmr on input line 49.
 ("C:\Program Files (x86)\MiKTeX 2.9\tex\latex\base\omscmr.fd"
File: omscmr.fd 2014/09/29 v2.5h Standard LaTeX font definitions
)
LaTeX Font Info:    Font shape `OMS/cmr/m/n' in size <12> not available
(Font)              Font shape `OMS/cmsy/m/n' tried instead on input line 49.
 [4] [5]
[6

]
Chapter 2.

Overfull \hbox (58.46191pt too wide) in paragraph at lines 78--91
 [][] 
 []

[7] [8] [9] [10

]
Chapter 3.
<ieeetopology.png, id=68, 1795.70876pt x 2799.45876pt>
File: ieeetopology.png Graphic file (type png)
 <use ieeetopology.png>
Package pdftex.def Info: ieeetopology.png used on input line 133.
(pdftex.def)             Requested size: 370.83531pt x 578.12167pt.


LaTeX Warning: Float too large for page by 33.56168pt on input line 136.

[11] [12 <./ieeetopology.png>]
<totalSystemLoadJuly.png, id=77, 562.35094pt x 156.585pt>
File: totalSystemLoadJuly.png Graphic file (type png)

<use totalSystemLoadJuly.png>
Package pdftex.def Info: totalSystemLoadJuly.png used on input line 148.
(pdftex.def)             Requested size: 426.39255pt x 118.72867pt.

<perturbationDifference.png, id=78, 608.2725pt x 159.59625pt>
File: perturbationDifference.png Graphic file (type png)

<use perturbationDifference.png>
Package pdftex.def Info: perturbationDifference.png used on input line 156.
(pdftex.def)             Requested size: 426.39255pt x 111.87732pt.
 [13 <./totalSystemLoadJuly.png> <./perturbationDifference.png>] [14]
<texasWindProfileWithBuses.png, id=88, 692.5875pt x 522.45187pt>
File: texasWindProfileWithBuses.png Graphic file (type png)

<use texasWindProfileWithBuses.png>
Package pdftex.def Info: texasWindProfileWithBuses.png used on input line 190.
(pdftex.def)             Requested size: 426.39255pt x 321.65277pt.
 [15 <./texasWindProfileWithBuses.png>]
<windPotentialBus122.png, id=93, 498.36188pt x 204.765pt>
File: windPotentialBus122.png Graphic file (type png)

<use windPotentialBus122.png>
Package pdftex.def Info: windPotentialBus122.png used on input line 199.
(pdftex.def)             Requested size: 426.39255pt x 175.19772pt.

<texasSolarProfileWithBuses.png, id=94, 492.33937pt x 477.28313pt>
File: texasSolarProfileWithBuses.png Graphic file (type png)

<use texasSolarProfileWithBuses.png>
Package pdftex.def Info: texasSolarProfileWithBuses.png used on input line 210.

(pdftex.def)             Requested size: 255.83812pt x 248.01385pt.


LaTeX Warning: `h' float specifier changed to `ht'.

<solarPotentialBus112.png, id=95, 498.36188pt x 204.01219pt>
File: solarPotentialBus112.png Graphic file (type png)

<use solarPotentialBus112.png>
Package pdftex.def Info: solarPotentialBus112.png used on input line 220.
(pdftex.def)             Requested size: 341.11533pt x 139.64478pt.


LaTeX Warning: `h' float specifier changed to `ht'.

[16 <./windPotentialBus122.png>] [17 <./texasSolarProfileWithBuses.png> <./sola
rPotentialBus112.png>]
Missing character: There is no ‚ in font cmr12!
Missing character: There is no Ä in font cmr12!
Missing character: There is no ù in font cmr12!
 [18]

LaTeX Warning: `h' float specifier changed to `ht'.


Underfull \vbox (badness 1852) has occurred while \output is active []

 [19]
Underfull \vbox (badness 1596) has occurred while \output is active []

 [20]
Underfull \vbox (badness 10000) has occurred while \output is active []

 [21]
Overfull \hbox (0.84052pt too wide) in paragraph at lines 363--364
[]\OT1/cmr/bx/n/12 Ramping Con-straints: \OT1/cmr/m/n/12 Each gen-er-a-tor has 
tech-ni-cal lim-i-ta-tions that bounds
 []

[22] [23] [24]
Overfull \hbox (32.26259pt too wide) in paragraph at lines 438--438
[] 
 []

[25] [26]
LaTeX Font Info:    Font shape `OMS/cmr/bx/n' in size <12> not available
(Font)              Font shape `OMS/cmsy/b/n' tried instead on input line 474.
 [27] <aimmsScreenImportPage.png, id=139, 369.63094pt x 85.06781pt>
File: aimmsScreenImportPage.png Graphic file (type png)

<use aimmsScreenImportPage.png>
Package pdftex.def Info: aimmsScreenImportPage.png used on input line 503.
(pdftex.def)             Requested size: 369.63002pt x 85.0676pt.


LaTeX Warning: `h' float specifier changed to `ht'.

[28] <aimmsDataPages.png, id=144, 998.22937pt x 1087.06125pt>
File: aimmsDataPages.png Graphic file (type png)

<use aimmsDataPages.png>
Package pdftex.def Info: aimmsDataPages.png used on input line 517.
(pdftex.def)             Requested size: 426.38193pt x 464.32542pt.


LaTeX Warning: `h' float specifier changed to `ht'.


Underfull \vbox (badness 10000) has occurred while \output is active []

 [29 <./aimmsScreenImportPage.png>]
Overfull \vbox (19.2155pt too high) has occurred while \output is active []


[30 <./aimmsDataPages.png>]
<aimmsOptimizationSectionPages.png, id=152, 983.17313pt x 877.02657pt>
File: aimmsOptimizationSectionPages.png Graphic file (type png)

<use aimmsOptimizationSectionPages.png>
Package pdftex.def Info: aimmsOptimizationSectionPages.png used on input line 5
50.
(pdftex.def)             Requested size: 426.38669pt x 380.3526pt.


LaTeX Warning: `h' float specifier changed to `ht'.

[31] [32 <./aimmsOptimizationSectionPages.png>]
Chapter 4.
[33

] [34] <PowerOutputScenario1_NR.png, id=167, 834.11626pt x 598.48593pt>
File: PowerOutputScenario1_NR.png Graphic file (type png)

<use PowerOutputScenario1_NR.png>
Package pdftex.def Info: PowerOutputScenario1_NR.png used on input line 596.
(pdftex.def)             Requested size: 426.39255pt x 305.94522pt.


LaTeX Warning: `h' float specifier changed to `ht'.

<PowerOutputScenario1.png, id=168, 1269.24188pt x 1014.79124pt>
File: PowerOutputScenario1.png Graphic file (type png)

<use PowerOutputScenario1.png>
Package pdftex.def Info: PowerOutputScenario1.png used on input line 605.
(pdftex.def)             Requested size: 426.3849pt x 340.9056pt.
 [35]
<PowerOutputScenario2.png, id=172, 1269.99469pt x 1014.79124pt>
File: PowerOutputScenario2.png Graphic file (type png)

<use PowerOutputScenario2.png>
Package pdftex.def Info: PowerOutputScenario2.png used on input line 624.
(pdftex.def)             Requested size: 426.38588pt x 340.7043pt.

Underfull \vbox (badness 2057) has occurred while \output is active []

 [36 <./PowerOutputScenario1_NR.png>] [37 <./PowerOutputScenario1.png>]
<PowerOutputScenario3.png, id=180, 1267.73625pt x 1014.79124pt>
File: PowerOutputScenario3.png Graphic file (type png)

<use PowerOutputScenario3.png>
Package pdftex.def Info: PowerOutputScenario3.png used on input line 639.
(pdftex.def)             Requested size: 426.38205pt x 341.3082pt.
 [38 <./PowerOutputScenario2.png>]
<SolutionParametersS1.png, id=185, 603.75563pt x 301.125pt>
File: SolutionParametersS1.png Graphic file (type png)

<use SolutionParametersS1.png>
Package pdftex.def Info: SolutionParametersS1.png used on input line 653.
(pdftex.def)             Requested size: 426.394pt x 212.66531pt.


LaTeX Warning: `h' float specifier changed to `ht'.

[39 <./PowerOutputScenario3.png>]
<SolutionParametersS2.png, id=190, 604.50844pt x 316.93407pt>
File: SolutionParametersS2.png Graphic file (type png)

<use SolutionParametersS2.png>
Package pdftex.def Info: SolutionParametersS2.png used on input line 664.
(pdftex.def)             Requested size: 426.39066pt x 223.54977pt.


LaTeX Warning: `h' float specifier changed to `ht'.

<SolutionParametersS3.png, id=191, 604.50844pt x 316.93407pt>
File: SolutionParametersS3.png Graphic file (type png)

<use SolutionParametersS3.png>
Package pdftex.def Info: SolutionParametersS3.png used on input line 675.
(pdftex.def)             Requested size: 426.39066pt x 223.54977pt.

Underfull \hbox (badness 5637) in paragraph at lines 677--677
[][]|\OT1/cmr/m/n/10.95 So-lu-tion pa-ram-e-ters for all in-stances in Sce-nari
o 3. Base-line:
 []


LaTeX Warning: `h' float specifier changed to `ht'.


Underfull \vbox (badness 7851) has occurred while \output is active []

 [40 <./SolutionParametersS1.png>] [41 <./SolutionParametersS2.png>]
<MaximumTransmissionLineUtilization.png, id=200, 758.835pt x 667.74469pt>
File: MaximumTransmissionLineUtilization.png Graphic file (type png)

<use MaximumTransmissionLineUtilization.png>
Package pdftex.def Info: MaximumTransmissionLineUtilization.png used on input l
ine 700.
(pdftex.def)             Requested size: 426.40364pt x 375.21828pt.


LaTeX Warning: `h' float specifier changed to `ht'.


Underfull \vbox (badness 2376) has occurred while \output is active []

 [42 <./SolutionParametersS3.png>]
<averageRamping.png, id=204, 1849.66031pt x 1263.21938pt>
File: averageRamping.png Graphic file (type png)

<use averageRamping.png>
Package pdftex.def Info: averageRamping.png used on input line 711.
(pdftex.def)             Requested size: 426.37253pt x 291.1897pt.


LaTeX Warning: `h' float specifier changed to `ht'.

[43 <./MaximumTransmissionLineUtilization.png>] [44 <./averageRamping.png>]
Chapter 5.

("D:\Thesis\AIMMS Project\Thesis Research\thesisLatexFiles\ThesisFiles\build\Di
ssertation.bbl" [45

] [46

]
Missing character: There is no ‚ in font cmr12!
Missing character: There is no Ä in font cmr12!
Missing character: There is no ô in font cmr12!
 [47]
Overfull \hbox (8.57404pt too wide) in paragraph at lines 60--68
\OT1/cmtt/m/n/12 http://www.sciencedirect.com/science/article/pii/S030142151101
0007\OT1/cmr/m/n/12 . 
 []


Underfull \hbox (badness 5622) in paragraph at lines 70--74
[]\OT1/cmr/m/n/12 The Wind Coali-tion.  \OT1/cmr/m/it/12 Texas Wind En-ergy Fac
ts\OT1/cmr/m/n/12 .  Avail-able at
 []

Missing character: There is no √ in font cmr12!
Missing character: There is no ì in font cmr12!
Missing character: There is no √ in font cmr12!
Missing character: There is no ≥ in font cmr12!

Underfull \hbox (badness 1888) in paragraph at lines 108--115
[]\OT1/cmr/m/n/12 L. L. Garver.  Power gen-er-a-tion schedul-ing by in-te-ger p
rogramming-
 []

[48]
Underfull \hbox (badness 10000) in paragraph at lines 174--179
[]\OT1/cmr/m/n/12 NREL.  \OT1/cmr/m/it/12 NREL: Dy-namic Maps, GIS Data, and An
al-y-sis
 []


Underfull \hbox (badness 10000) in paragraph at lines 174--179
\OT1/cmr/m/it/12 Tools - Re-new-able En-ergy Tech-ni-cal Po-ten-tial\OT1/cmr/m/
n/12 .  Avail-able at
 []

[49] [50]) [51]
No file vita.tex.

("D:\Thesis\AIMMS Project\Thesis Research\thesisLatexFiles\ThesisFiles\build\Di
ssertation.aux"
("D:\Thesis\AIMMS Project\Thesis Research\thesisLatexFiles\ThesisFiles\build\co
verCopyright.aux")
("D:\Thesis\AIMMS Project\Thesis Research\thesisLatexFiles\ThesisFiles\build\si
gnatures.aux")
("D:\Thesis\AIMMS Project\Thesis Research\thesisLatexFiles\ThesisFiles\build\de
dication.aux")
("D:\Thesis\AIMMS Project\Thesis Research\thesisLatexFiles\ThesisFiles\build\my
abstract.aux")
("D:\Thesis\AIMMS Project\Thesis Research\thesisLatexFiles\ThesisFiles\build\vi
ta.aux"))

LaTeX Warning: There were multiply-defined labels.

 ) 
Here is how much of TeX's memory you used:
 4085 strings out of 493673
 61821 string characters out of 3141526
 119490 words of memory out of 3000000
 7340 multiletter control sequences out of 15000+200000
 13644 words of font info for 51 fonts, out of 3000000 for 9000
 1025 hyphenation exceptions out of 8191
 36i,9n,43p,1451b,387s stack positions out of 5000i,500n,10000p,200000b,50000s
<C:/Program Files (x86)/MiKTeX 2.9/fonts/type1/public/amsfonts/cm/cmbsy10.pfb
><C:/Program Files (x86)/MiKTeX 2.9/fonts/type1/public/amsfonts/cm/cmbx10.pfb><
C:/Program Files (x86)/MiKTeX 2.9/fonts/type1/public/amsfonts/cm/cmbx12.pfb><C:
/Program Files (x86)/MiKTeX 2.9/fonts/type1/public/amsfonts/cm/cmbx8.pfb><C:/Pr
ogram Files (x86)/MiKTeX 2.9/fonts/type1/public/amsfonts/cm/cmex10.pfb><C:/Prog
ram Files (x86)/MiKTeX 2.9/fonts/type1/public/amsfonts/cm/cmmi10.pfb><C:/Progra
m Files (x86)/MiKTeX 2.9/fonts/type1/public/amsfonts/cm/cmmi12.pfb><C:/Program 
Files (x86)/MiKTeX 2.9/fonts/type1/public/amsfonts/cm/cmmi6.pfb><C:/Program Fil
es (x86)/MiKTeX 2.9/fonts/type1/public/amsfonts/cm/cmmi8.pfb><C:/Program Files 
(x86)/MiKTeX 2.9/fonts/type1/public/amsfonts/cm/cmr10.pfb><C:/Program Files (x8
6)/MiKTeX 2.9/fonts/type1/public/amsfonts/cm/cmr12.pfb><C:/Program Files (x86)/
MiKTeX 2.9/fonts/type1/public/amsfonts/cm/cmr17.pfb><C:/Program Files (x86)/MiK
TeX 2.9/fonts/type1/public/amsfonts/cm/cmr8.pfb><C:/Program Files (x86)/MiKTeX 
2.9/fonts/type1/public/amsfonts/cm/cmsy10.pfb><C:/Program Files (x86)/MiKTeX 2.
9/fonts/type1/public/amsfonts/cm/cmsy8.pfb><C:/Program Files (x86)/MiKTeX 2.9/f
onts/type1/public/amsfonts/cm/cmti12.pfb><C:/Program Files (x86)/MiKTeX 2.9/fon
ts/type1/public/amsfonts/cm/cmtt12.pfb>
Output written on "D:/Thesis/AIMMS Project/Thesis Research/thesisLatexFiles/The
sisFiles/build/Dissertation.pdf" (60 pages, 3490433 bytes).
PDF statistics:
 289 PDF objects out of 1000 (max. 8388607)
 0 named destinations out of 1000 (max. 500000)
 96 words of extra memory for PDF output out of 10000 (max. 10000000)

