This is pdfTeX, Version 3.14159265-2.6-1.40.16 (TeX Live 2015/Debian) (preloaded format=pdflatex 2016.3.29)  28 APR 2016 00:56
entering extended mode
 restricted \write18 enabled.
 %&-line parsing enabled.
**Dissertation.tex
(./Dissertation.tex
LaTeX2e <2015/01/01>
Babel <3.9l> and hyphenation patterns for 4 languages loaded.
(/usr/share/texlive/texmf-dist/tex/latex/base/book.cls
Document Class: book 2014/09/29 v1.4h Standard LaTeX document class
(/usr/share/texlive/texmf-dist/tex/latex/base/bk12.clo
File: bk12.clo 2014/09/29 v1.4h Standard LaTeX file (size option)
)
\c@part=\count79
\c@chapter=\count80
\c@section=\count81
\c@subsection=\count82
\c@subsubsection=\count83
\c@paragraph=\count84
\c@subparagraph=\count85
\c@figure=\count86
\c@table=\count87
\abovecaptionskip=\skip41
\belowcaptionskip=\skip42
\bibindent=\dimen102
)
(/usr/share/texlive/texmf-dist/tex/latex/caption/caption.sty
Package: caption 2013/05/02 v3.3-89 Customizing captions (AR)

(/usr/share/texlive/texmf-dist/tex/latex/caption/caption3.sty
Package: caption3 2013/05/02 v1.6-88 caption3 kernel (AR)
Package caption3 Info: TeX engine: e-TeX on input line 57.

(/usr/share/texlive/texmf-dist/tex/latex/graphics/keyval.sty
Package: keyval 2014/10/28 v1.15 key=value parser (DPC)
\KV@toks@=\toks14
)
\captionmargin=\dimen103
\captionmargin@=\dimen104
\captionwidth=\dimen105
\caption@tempdima=\dimen106
\caption@indent=\dimen107
\caption@parindent=\dimen108
\caption@hangindent=\dimen109
)
\c@ContinuedFloat=\count88
)
(./LUDisStyle.sty)
(/usr/share/texlive/texmf-dist/tex/latex/graphics/graphicx.sty
Package: graphicx 2014/10/28 v1.0g Enhanced LaTeX Graphics (DPC,SPQR)

(/usr/share/texlive/texmf-dist/tex/latex/graphics/graphics.sty
Package: graphics 2014/10/28 v1.0p Standard LaTeX Graphics (DPC,SPQR)

(/usr/share/texlive/texmf-dist/tex/latex/graphics/trig.sty
Package: trig 1999/03/16 v1.09 sin cos tan (DPC)
)
(/usr/share/texlive/texmf-dist/tex/latex/latexconfig/graphics.cfg
File: graphics.cfg 2010/04/23 v1.9 graphics configuration of TeX Live
)
Package graphics Info: Driver file: pdftex.def on input line 94.

(/usr/share/texlive/texmf-dist/tex/latex/pdftex-def/pdftex.def
File: pdftex.def 2011/05/27 v0.06d Graphics/color for pdfTeX

(/usr/share/texlive/texmf-dist/tex/generic/oberdiek/infwarerr.sty
Package: infwarerr 2010/04/08 v1.3 Providing info/warning/error messages (HO)
)
(/usr/share/texlive/texmf-dist/tex/generic/oberdiek/ltxcmds.sty
Package: ltxcmds 2011/11/09 v1.22 LaTeX kernel commands for general use (HO)
)
\Gread@gobject=\count89
))
\Gin@req@height=\dimen110
\Gin@req@width=\dimen111
)
(/usr/share/texlive/texmf-dist/tex/latex/subfigure/subfigure.sty
Package: subfigure 2002/03/15 v2.1.5 subfigure package
\subfigtopskip=\skip43
\subfigcapskip=\skip44
\subfigcaptopadj=\dimen112
\subfigbottomskip=\skip45
\subfigcapmargin=\dimen113
\subfiglabelskip=\skip46
\c@subfigure=\count90
\c@lofdepth=\count91
\c@subtable=\count92
\c@lotdepth=\count93

****************************************
* Local config file subfigure.cfg used *
****************************************
(/usr/share/texlive/texmf-dist/tex/latex/subfigure/subfigure.cfg)
\subfig@top=\skip47
\subfig@bottom=\skip48
)
(/usr/share/texlive/texmf-dist/tex/latex/amsmath/amsmath.sty
Package: amsmath 2013/01/14 v2.14 AMS math features
\@mathmargin=\skip49

For additional information on amsmath, use the `?' option.
(/usr/share/texlive/texmf-dist/tex/latex/amsmath/amstext.sty
Package: amstext 2000/06/29 v2.01

(/usr/share/texlive/texmf-dist/tex/latex/amsmath/amsgen.sty
File: amsgen.sty 1999/11/30 v2.0
\@emptytoks=\toks15
\ex@=\dimen114
))
(/usr/share/texlive/texmf-dist/tex/latex/amsmath/amsbsy.sty
Package: amsbsy 1999/11/29 v1.2d
\pmbraise@=\dimen115
)
(/usr/share/texlive/texmf-dist/tex/latex/amsmath/amsopn.sty
Package: amsopn 1999/12/14 v2.01 operator names
)
\inf@bad=\count94
LaTeX Info: Redefining \frac on input line 210.
\uproot@=\count95
\leftroot@=\count96
LaTeX Info: Redefining \overline on input line 306.
\classnum@=\count97
\DOTSCASE@=\count98
LaTeX Info: Redefining \ldots on input line 378.
LaTeX Info: Redefining \dots on input line 381.
LaTeX Info: Redefining \cdots on input line 466.
\Mathstrutbox@=\box26
\strutbox@=\box27
\big@size=\dimen116
LaTeX Font Info:    Redeclaring font encoding OML on input line 566.
LaTeX Font Info:    Redeclaring font encoding OMS on input line 567.
\macc@depth=\count99
\c@MaxMatrixCols=\count100
\dotsspace@=\muskip10
\c@parentequation=\count101
\dspbrk@lvl=\count102
\tag@help=\toks16
\row@=\count103
\column@=\count104
\maxfields@=\count105
\andhelp@=\toks17
\eqnshift@=\dimen117
\alignsep@=\dimen118
\tagshift@=\dimen119
\tagwidth@=\dimen120
\totwidth@=\dimen121
\lineht@=\dimen122
\@envbody=\toks18
\multlinegap=\skip50
\multlinetaggap=\skip51
\mathdisplay@stack=\toks19
LaTeX Info: Redefining \[ on input line 2665.
LaTeX Info: Redefining \] on input line 2666.
)
(/usr/share/texlive/texmf-dist/tex/latex/amsfonts/amssymb.sty
Package: amssymb 2013/01/14 v3.01 AMS font symbols

(/usr/share/texlive/texmf-dist/tex/latex/amsfonts/amsfonts.sty
Package: amsfonts 2013/01/14 v3.01 Basic AMSFonts support
\symAMSa=\mathgroup4
\symAMSb=\mathgroup5
LaTeX Font Info:    Overwriting math alphabet `\mathfrak' in version `bold'
(Font)                  U/euf/m/n --> U/euf/b/n on input line 106.
))
(/usr/share/texlive/texmf-dist/tex/latex/amscls/amsthm.sty
Package: amsthm 2015/03/04 v2.20.2
\thm@style=\toks20
\thm@bodyfont=\toks21
\thm@headfont=\toks22
\thm@notefont=\toks23
\thm@headpunct=\toks24
\thm@preskip=\skip52
\thm@postskip=\skip53
\thm@headsep=\skip54
\dth@everypar=\toks25
)
(/usr/share/texlive/texmf-dist/tex/latex/tools/verbatim.sty
Package: verbatim 2014/10/28 v1.5q LaTeX2e package for verbatim enhancements
\every@verbatim=\toks26
\verbatim@line=\toks27
\verbatim@in@stream=\read1
)
(/usr/share/texlive/texmf-dist/tex/latex/multirow/multirow.sty
\bigstrutjot=\dimen123
)
(/usr/share/texlive/texmf-dist/tex/latex/float/float.sty
Package: float 2001/11/08 v1.3d Float enhancements (AL)
\c@float@type=\count106
\float@exts=\toks28
\float@box=\box28
\@float@everytoks=\toks29
\@floatcapt=\box29
)
(/usr/share/texlive/texmf-dist/tex/latex/natbib/natbib.sty
Package: natbib 2010/09/13 8.31b (PWD, AO)
\bibhang=\skip55
\bibsep=\skip56
LaTeX Info: Redefining \cite on input line 694.
\c@NAT@ctr=\count107
)

LaTeX Warning: Unused global option(s):
    [LUDisStyle,twosided].

(./Dissertation.aux (./coverCopyright.aux) (./signatures.aux) (./dedication.aux
) (./myAbstract.aux) (./vita.aux))
\openout1 = `Dissertation.aux'.

LaTeX Font Info:    Checking defaults for OML/cmm/m/it on input line 20.
LaTeX Font Info:    ... okay on input line 20.
LaTeX Font Info:    Checking defaults for T1/cmr/m/n on input line 20.
LaTeX Font Info:    ... okay on input line 20.
LaTeX Font Info:    Checking defaults for OT1/cmr/m/n on input line 20.
LaTeX Font Info:    ... okay on input line 20.
LaTeX Font Info:    Checking defaults for OMS/cmsy/m/n on input line 20.
LaTeX Font Info:    ... okay on input line 20.
LaTeX Font Info:    Checking defaults for OMX/cmex/m/n on input line 20.
LaTeX Font Info:    ... okay on input line 20.
LaTeX Font Info:    Checking defaults for U/cmr/m/n on input line 20.
LaTeX Font Info:    ... okay on input line 20.
Package caption Info: Begin \AtBeginDocument code.
Package caption Info: float package is loaded.
Package caption Info: subfigure package is loaded.
Package caption Info: End \AtBeginDocument code.

(/usr/share/texlive/texmf-dist/tex/context/base/supp-pdf.mkii
[Loading MPS to PDF converter (version 2006.09.02).]
\scratchcounter=\count108
\scratchdimen=\dimen124
\scratchbox=\box30
\nofMPsegments=\count109
\nofMParguments=\count110
\everyMPshowfont=\toks30
\MPscratchCnt=\count111
\MPscratchDim=\dimen125
\MPnumerator=\count112
\makeMPintoPDFobject=\count113
\everyMPtoPDFconversion=\toks31
) (/usr/share/texlive/texmf-dist/tex/generic/oberdiek/pdftexcmds.sty
Package: pdftexcmds 2011/11/29 v0.20 Utility functions of pdfTeX for LuaTeX (HO
)

(/usr/share/texlive/texmf-dist/tex/generic/oberdiek/ifluatex.sty
Package: ifluatex 2010/03/01 v1.3 Provides the ifluatex switch (HO)
Package ifluatex Info: LuaTeX not detected.
)
(/usr/share/texlive/texmf-dist/tex/generic/oberdiek/ifpdf.sty
Package: ifpdf 2011/01/30 v2.3 Provides the ifpdf switch (HO)
Package ifpdf Info: pdfTeX in PDF mode is detected.
)
Package pdftexcmds Info: LuaTeX not detected.
Package pdftexcmds Info: \pdf@primitive is available.
Package pdftexcmds Info: \pdf@ifprimitive is available.
Package pdftexcmds Info: \pdfdraftmode found.
)
(/usr/share/texlive/texmf-dist/tex/latex/oberdiek/epstopdf-base.sty
Package: epstopdf-base 2010/02/09 v2.5 Base part for package epstopdf

(/usr/share/texlive/texmf-dist/tex/latex/oberdiek/grfext.sty
Package: grfext 2010/08/19 v1.1 Manage graphics extensions (HO)

(/usr/share/texlive/texmf-dist/tex/generic/oberdiek/kvdefinekeys.sty
Package: kvdefinekeys 2011/04/07 v1.3 Define keys (HO)
))
(/usr/share/texlive/texmf-dist/tex/latex/oberdiek/kvoptions.sty
Package: kvoptions 2011/06/30 v3.11 Key value format for package options (HO)

(/usr/share/texlive/texmf-dist/tex/generic/oberdiek/kvsetkeys.sty
Package: kvsetkeys 2012/04/25 v1.16 Key value parser (HO)

(/usr/share/texlive/texmf-dist/tex/generic/oberdiek/etexcmds.sty
Package: etexcmds 2011/02/16 v1.5 Avoid name clashes with e-TeX commands (HO)
Package etexcmds Info: Could not find \expanded.
(etexcmds)             That can mean that you are not using pdfTeX 1.50 or
(etexcmds)             that some package has redefined \expanded.
(etexcmds)             In the latter case, load this package earlier.
)))
Package grfext Info: Graphics extension search list:
(grfext)             [.png,.pdf,.jpg,.mps,.jpeg,.jbig2,.jb2,.PNG,.PDF,.JPG,.JPE
G,.JBIG2,.JB2,.eps]
(grfext)             \AppendGraphicsExtensions on input line 452.

(/usr/share/texlive/texmf-dist/tex/latex/latexconfig/epstopdf-sys.cfg
File: epstopdf-sys.cfg 2010/07/13 v1.3 Configuration of (r)epstopdf for TeX Liv
e
))
\openout2 = `coverCopyright.aux'.


(./coverCopyright.tex [1


{/var/lib/texmf/fonts/map/pdftex/updmap/pdftex.map}]
[2])
\openout2 = `signatures.aux'.

 (./signatures.tex
Underfull \hbox (badness 10000) in paragraph at lines 5--10

 []

LaTeX Font Info:    Try loading font information for U+msa on input line 13.
(/usr/share/texlive/texmf-dist/tex/latex/amsfonts/umsa.fd
File: umsa.fd 2013/01/14 v3.01 AMS symbols A
)
LaTeX Font Info:    Try loading font information for U+msb on input line 13.

(/usr/share/texlive/texmf-dist/tex/latex/amsfonts/umsb.fd
File: umsb.fd 2013/01/14 v3.01 AMS symbols B
) [3


])
\openout2 = `dedication.aux'.


No file dedication.tex.
[4




] (./Dissertation.toc [5])
\tf@toc=\write3
\openout3 = `Dissertation.toc'.

 [6] (./Dissertation.lot)
\tf@lot=\write4
\openout4 = `Dissertation.lot'.

 [7

] [8

]
(./Dissertation.lof [9])
\tf@lof=\write5
\openout5 = `Dissertation.lof'.

 [10]
\openout2 = `myAbstract.aux'.

 (./myAbstract.tex) [1

] [2


]
Chapter 1.
Missing character: There is no ‚ in font cmr12!
Missing character: There is no Ä in font cmr12!
Missing character: There is no ô in font cmr12!
[3] [4] [5] [6]
Chapter 2.

Overfull \hbox (58.46191pt too wide) in paragraph at lines 80--93
 [][] 
 []

[7

] [8] [9] [10

]
Chapter 3.
<ieeetopology.png, id=72, 1795.70876pt x 2799.45876pt>
File: ieeetopology.png Graphic file (type png)
 <use ieeetopology.png>
Package pdftex.def Info: ieeetopology.png used on input line 129.
(pdftex.def)             Requested size: 370.83531pt x 578.12167pt.

Underfull \vbox (badness 10000) has occurred while \output is active []

 [11]
Overfull \vbox (37.64171pt too high) has occurred while \output is active []


[12 <./ieeetopology.png>]
<totalSystemLoadJuly.png, id=81, 562.35094pt x 156.585pt>
File: totalSystemLoadJuly.png Graphic file (type png)

<use totalSystemLoadJuly.png>
Package pdftex.def Info: totalSystemLoadJuly.png used on input line 144.
(pdftex.def)             Requested size: 426.39578pt x 118.72867pt.

<perturbationDifference.png, id=82, 608.2725pt x 159.59625pt>
File: perturbationDifference.png Graphic file (type png)

<use perturbationDifference.png>
Package pdftex.def Info: perturbationDifference.png used on input line 152.
(pdftex.def)             Requested size: 426.40044pt x 111.87732pt.

Underfull \vbox (badness 10000) has occurred while \output is active []

 [13 <./totalSystemLoadJuly.png>]
<numberGeneratorsPerType.png, id=89, 362.10281pt x 217.5628pt>
File: numberGeneratorsPerType.png Graphic file (type png)

<use numberGeneratorsPerType.png>
Package pdftex.def Info: numberGeneratorsPerType.png used on input line 160.
(pdftex.def)             Requested size: 426.39908pt x 256.19405pt.
 [14 <./perturbationDifference.png> <./numberGeneratorsPerType.png>] [15]
<texasWindProfileWithBuses.png, id=97, 692.5875pt x 522.45187pt>
File: texasWindProfileWithBuses.png Graphic file (type png)

<use texasWindProfileWithBuses.png>
Package pdftex.def Info: texasWindProfileWithBuses.png used on input line 184.
(pdftex.def)             Requested size: 426.39255pt x 321.65277pt.
 [16 <./texasWindProfileWithBuses.png>]
<windPotentialBus122.png, id=102, 498.36188pt x 204.765pt>
File: windPotentialBus122.png Graphic file (type png)

<use windPotentialBus122.png>
Package pdftex.def Info: windPotentialBus122.png used on input line 193.
(pdftex.def)             Requested size: 426.39255pt x 175.19772pt.
 [17 <./windPotentialBus122.png>]
<texasSolarProfileWithBuses.png, id=106, 492.33937pt x 477.28313pt>
File: texasSolarProfileWithBuses.png Graphic file (type png)

<use texasSolarProfileWithBuses.png>
Package pdftex.def Info: texasSolarProfileWithBuses.png used on input line 205.

(pdftex.def)             Requested size: 255.83763pt x 248.01385pt.

<solarPotentialBus112.png, id=107, 498.36188pt x 204.01219pt>
File: solarPotentialBus112.png Graphic file (type png)

<use solarPotentialBus112.png>
Package pdftex.def Info: solarPotentialBus112.png used on input line 215.
(pdftex.def)             Requested size: 341.11533pt x 139.64478pt.

Underfull \vbox (badness 10000) has occurred while \output is active []

 [18 <./texasSolarProfileWithBuses.png>]
LaTeX Font Info:    Try loading font information for OMS+cmr on input line 227.


(/usr/share/texlive/texmf-dist/tex/latex/base/omscmr.fd
File: omscmr.fd 2014/09/29 v2.5h Standard LaTeX font definitions
)
LaTeX Font Info:    Font shape `OMS/cmr/m/n' in size <12> not available
(Font)              Font shape `OMS/cmsy/m/n' tried instead on input line 227.
 [19 <./solarPotentialBus112.png>]
Missing character: There is no ‚ in font cmr12!
Missing character: There is no Ä in font cmr12!
Missing character: There is no ù in font cmr12!
 [20]
Underfull \vbox (badness 10000) has occurred while \output is active []

 [21]
Underfull \vbox (badness 10000) has occurred while \output is active []

 [22]
Underfull \vbox (badness 10000) has occurred while \output is active []

 [23]
[24] [25] [26]
Overfull \hbox (32.26259pt too wide) in paragraph at lines 434--434
[] 
 []


Overfull \hbox (115.37622pt too wide) in paragraph at lines 442--442
[] 
 []

[27]
Overfull \hbox (73.5631pt too wide) in paragraph at lines 450--450
[] 
 []

[28] [29] [30]
LaTeX Font Info:    Font shape `OMS/cmr/bx/n' in size <12> not available
(Font)              Font shape `OMS/cmsy/b/n' tried instead on input line 492.
 [31]
<aimmsScreenImportPage.png, id=157, 369.63094pt x 85.06781pt>
File: aimmsScreenImportPage.png Graphic file (type png)

<use aimmsScreenImportPage.png>
Package pdftex.def Info: aimmsScreenImportPage.png used on input line 521.
(pdftex.def)             Requested size: 369.63002pt x 85.0676pt.
 [32 <./aimmsScreenImportPage.png>]
<aimmsDataPages.png, id=162, 998.22937pt x 1087.06125pt>
File: aimmsDataPages.png Graphic file (type png)

<use aimmsDataPages.png>
Package pdftex.def Info: aimmsDataPages.png used on input line 535.
(pdftex.def)             Requested size: 426.38193pt x 464.32542pt.

Underfull \vbox (badness 10000) has occurred while \output is active []

 [33]
Underfull \vbox (badness 10000) has occurred while \output is active []

 [34 <./aimmsDataPages.png>] [35]
<aimmsOptimizationSectionPages.png, id=173, 983.17313pt x 877.02657pt>
File: aimmsOptimizationSectionPages.png Graphic file (type png)

<use aimmsOptimizationSectionPages.png>
Package pdftex.def Info: aimmsOptimizationSectionPages.png used on input line 5
69.
(pdftex.def)             Requested size: 426.38669pt x 380.3526pt.
 [36 <./aimmsOptimizationSectionPages.png>]
Chapter 4.
[37

] <PowerOutputScenario1.png, id=181, 1269.24188pt x 1014.79124pt>
File: PowerOutputScenario1.png Graphic file (type png)

<use PowerOutputScenario1.png>
Package pdftex.def Info: PowerOutputScenario1.png used on input line 614.
(pdftex.def)             Requested size: 426.3849pt x 340.9056pt.
 [38] [39 <./PowerOutputScenario1.png>]
<PowerOutputScenario2.png, id=190, 1269.99469pt x 1014.79124pt>
File: PowerOutputScenario2.png Graphic file (type png)

<use PowerOutputScenario2.png>
Package pdftex.def Info: PowerOutputScenario2.png used on input line 628.
(pdftex.def)             Requested size: 426.38588pt x 340.7043pt.
 [40 <./PowerOutputScenario2.png>]
<PowerOutputScenario3.png, id=196, 1267.73625pt x 1014.79124pt>
File: PowerOutputScenario3.png Graphic file (type png)

<use PowerOutputScenario3.png>
Package pdftex.def Info: PowerOutputScenario3.png used on input line 641.
(pdftex.def)             Requested size: 426.38205pt x 341.3082pt.
 [41]
<StorageProfileStatusS4.png, id=200, 1266.98344pt x 575.14874pt>
File: StorageProfileStatusS4.png Graphic file (type png)

<use StorageProfileStatusS4.png>
Package pdftex.def Info: StorageProfileStatusS4.png used on input line 653.
(pdftex.def)             Requested size: 426.39255pt x 193.55582pt.

Underfull \vbox (badness 10000) has occurred while \output is active []

 [42 <./PowerOutputScenario3.png>]
<loadfilledstorage.png, id=205, 554.82281pt x 319.1925pt>
File: loadfilledstorage.png Graphic file (type png)

<use loadfilledstorage.png>
Package pdftex.def Info: loadfilledstorage.png used on input line 663.
(pdftex.def)             Requested size: 255.83812pt x 147.18587pt.
 [43 <./StorageProfileStatusS4.png> <./loadfilledstorage.png>]
Underfull \vbox (badness 1210) has occurred while \output is active []

 [44]
<mipgap.png, id=212, 708.39656pt x 443.40656pt>
File: mipgap.png Graphic file (type png)
 <use mipgap.png>
Package pdftex.def Info: mipgap.png used on input line 737.
(pdftex.def)             Requested size: 298.47348pt x 186.82487pt.

Underfull \vbox (badness 10000) has occurred while \output is active []

 [45 <./mipgap.png>] <SolutionParametersS1.png, id=217, 603.75563pt x 301.125pt
>
File: SolutionParametersS1.png Graphic file (type png)

<use SolutionParametersS1.png>
Package pdftex.def Info: SolutionParametersS1.png used on input line 750.
(pdftex.def)             Requested size: 341.11334pt x 170.13133pt.
 [46 <./SolutionParametersS1.png>]
<SolutionParametersS2.png, id=223, 604.50844pt x 316.93407pt>
File: SolutionParametersS2.png Graphic file (type png)

<use SolutionParametersS2.png>
Package pdftex.def Info: SolutionParametersS2.png used on input line 765.
(pdftex.def)             Requested size: 341.11436pt x 178.84077pt.

<SolutionParametersS3.png, id=224, 607.51968pt x 316.93407pt>
File: SolutionParametersS3.png Graphic file (type png)

<use SolutionParametersS3.png>
Package pdftex.def Info: SolutionParametersS3.png used on input line 776.
(pdftex.def)             Requested size: 341.11716pt x 177.9558pt.
 [47 <./SolutionParametersS2.png>]
<genprofileS3.png, id=229, 560.8453pt x 301.125pt>
File: genprofileS3.png Graphic file (type png)
 <use genprofileS3.png>
Package pdftex.def Info: genprofileS3.png used on input line 787.
(pdftex.def)             Requested size: 341.11533pt x 183.14838pt.

[48 <./SolutionParametersS3.png> <./genprofileS3.png>]
<MaximumTransmissionLineUtilization.png, id=234, 758.835pt x 889.07156pt>
File: MaximumTransmissionLineUtilization.png Graphic file (type png)

<use MaximumTransmissionLineUtilization.png>
Package pdftex.def Info: MaximumTransmissionLineUtilization.png used on input l
ine 800.
(pdftex.def)             Requested size: 426.40364pt x 499.58601pt.
 [49 <./MaximumTransmissionLineUtilization.png>] [50] <averageRamping.png, id=2
42, 1849.66031pt x 1263.21938pt>
File: averageRamping.png Graphic file (type png)

<use averageRamping.png>
Package pdftex.def Info: averageRamping.png used on input line 823.
(pdftex.def)             Requested size: 426.37253pt x 291.1897pt.
 [51 <./averageRamping.png>]
<generationProfileNGCC.png, id=248, 1006.51031pt x 577.40718pt>
File: generationProfileNGCC.png Graphic file (type png)

<use generationProfileNGCC.png>
Package pdftex.def Info: generationProfileNGCC.png used on input line 840.
(pdftex.def)             Requested size: 426.39255pt x 244.60626pt.

Underfull \vbox (badness 10000) has occurred while \output is active []

 [52 <./generationProfileNGCC.png>]
<activeGeneratorsS1.png, id=252, 1262.46657pt x 571.38469pt>
File: activeGeneratorsS1.png Graphic file (type png)

<use activeGeneratorsS1.png>
Package pdftex.def Info: activeGeneratorsS1.png used on input line 859.
(pdftex.def)             Requested size: 341.11533pt x 154.38927pt.

<activeGeneratorsS2.png, id=253, 1262.46657pt x 572.1375pt>
File: activeGeneratorsS2.png Graphic file (type png)

<use activeGeneratorsS2.png>
Package pdftex.def Info: activeGeneratorsS2.png used on input line 868.
(pdftex.def)             Requested size: 341.11533pt x 154.59267pt.
 [53 <./activeGeneratorsS1.png>]
<activeGeneratorsS3.png, id=257, 1262.46657pt x 572.1375pt>
File: activeGeneratorsS3.png Graphic file (type png)

<use activeGeneratorsS3.png>
Package pdftex.def Info: activeGeneratorsS3.png used on input line 879.
(pdftex.def)             Requested size: 341.11533pt x 154.59267pt.
 [54 <./activeGeneratorsS2.png> <./activeGeneratorsS3.png>] [55] [56

]
Chapter 5.
[57] [58] [59] [60] (./Dissertation.bbl [61] [62

]
Missing character: There is no ‚ in font cmr12!
Missing character: There is no Ä in font cmr12!
Missing character: There is no ô in font cmr12!
 [63]
Overfull \hbox (8.57404pt too wide) in paragraph at lines 60--68
\OT1/cmtt/m/n/12 http://www.sciencedirect.com/science/article/pii/S030142151101
0007\OT1/cmr/m/n/12 . 
 []


Underfull \hbox (badness 5622) in paragraph at lines 70--74
[]\OT1/cmr/m/n/12 The Wind Coali-tion.  \OT1/cmr/m/it/12 Texas Wind En-ergy Fac
ts\OT1/cmr/m/n/12 .  Avail-able at
 []

Missing character: There is no √ in font cmr12!
Missing character: There is no ì in font cmr12!
Missing character: There is no √ in font cmr12!
Missing character: There is no ≥ in font cmr12!

Underfull \hbox (badness 1888) in paragraph at lines 108--115
[]\OT1/cmr/m/n/12 L. L. Garver.  Power gen-er-a-tion schedul-ing by in-te-ger p
rogramming-
 []

[64]
Underfull \hbox (badness 10000) in paragraph at lines 179--184
[]\OT1/cmr/m/n/12 NREL.  \OT1/cmr/m/it/12 NREL: Dy-namic Maps, GIS Data, and An
al-y-sis
 []


Underfull \hbox (badness 10000) in paragraph at lines 179--184
\OT1/cmr/m/it/12 Tools - Re-new-able En-ergy Tech-ni-cal Po-ten-tial\OT1/cmr/m/
n/12 .  Avail-able at
 []

[65]
Underfull \hbox (badness 2073) in paragraph at lines 227--231
[]\OT1/cmr/m/n/12 MIT Tech-nol-ogy Re-view.  \OT1/cmr/m/it/12 In-dia's Am-bi-ti
ous Bid to Be-come a So-lar
 []


Underfull \hbox (badness 2035) in paragraph at lines 227--231
\OT1/cmr/m/it/12 Power\OT1/cmr/m/n/12 .  Avail-able at http://www.technologyrev
iew.com/s/535551/indias-
 []

[66] [67]) [68]
\openout2 = `vita.aux'.


No file vita.tex.
(./Dissertation.aux (./coverCopyright.aux) (./signatures.aux) (./dedication.aux
) (./myAbstract.aux) (./vita.aux)) ) 
Here is how much of TeX's memory you used:
 4546 strings out of 494957
 67903 string characters out of 6180028
 139010 words of memory out of 5000000
 7652 multiletter control sequences out of 15000+600000
 13644 words of font info for 51 fonts, out of 8000000 for 9000
 36 hyphenation exceptions out of 8191
 38i,9n,41p,1519b,392s stack positions out of 5000i,500n,10000p,200000b,80000s
</usr/share/texlive/texmf-dist/fonts/type1/
public/amsfonts/cm/cmbsy10.pfb></usr/share/texlive/texmf-dist/fonts/type1/publi
c/amsfonts/cm/cmbx10.pfb></usr/share/texlive/texmf-dist/fonts/type1/public/amsf
onts/cm/cmbx12.pfb></usr/share/texlive/texmf-dist/fonts/type1/public/amsfonts/c
m/cmbx8.pfb></usr/share/texlive/texmf-dist/fonts/type1/public/amsfonts/cm/cmex1
0.pfb></usr/share/texlive/texmf-dist/fonts/type1/public/amsfonts/cm/cmmi10.pfb>
</usr/share/texlive/texmf-dist/fonts/type1/public/amsfonts/cm/cmmi12.pfb></usr/
share/texlive/texmf-dist/fonts/type1/public/amsfonts/cm/cmmi6.pfb></usr/share/t
exlive/texmf-dist/fonts/type1/public/amsfonts/cm/cmmi8.pfb></usr/share/texlive/
texmf-dist/fonts/type1/public/amsfonts/cm/cmr10.pfb></usr/share/texlive/texmf-d
ist/fonts/type1/public/amsfonts/cm/cmr12.pfb></usr/share/texlive/texmf-dist/fon
ts/type1/public/amsfonts/cm/cmr17.pfb></usr/share/texlive/texmf-dist/fonts/type
1/public/amsfonts/cm/cmr8.pfb></usr/share/texlive/texmf-dist/fonts/type1/public
/amsfonts/cm/cmsy10.pfb></usr/share/texlive/texmf-dist/fonts/type1/public/amsfo
nts/cm/cmsy8.pfb></usr/share/texlive/texmf-dist/fonts/type1/public/amsfonts/cm/
cmti12.pfb></usr/share/texlive/texmf-dist/fonts/type1/public/amsfonts/cm/cmtt12
.pfb>
Output written on Dissertation.pdf (78 pages, 4074377 bytes).
PDF statistics:
 364 PDF objects out of 1000 (max. 8388607)
 226 compressed objects within 3 object streams
 0 named destinations out of 1000 (max. 500000)
 136 words of extra memory for PDF output out of 10000 (max. 10000000)

